-------------------------------------------------------------------------------
Test set: uoa.assignment1.game.GameTests
-------------------------------------------------------------------------------
Tests run: 16, Failures: 16, Errors: 0, Skipped: 0, Time elapsed: 2.072 s <<< FAILURE! - in uoa.assignment1.game.GameTests
checkMarkingKilledMonster(uoa.assignment1.game.GameTests)  Time elapsed: 0.01 s  <<< FAILURE!
java.lang.AssertionError: [47m[30mSomething is not right. It seems that it is not possible to kill a monster...   Check Task 5.2[0mjava.lang.NullPointerException
	at uoa.assignment1.game.GameTests.checkMarkingKilledMonster(GameTests.java:641)

checkMoveCharacterFull(uoa.assignment1.game.GameTests)  Time elapsed: 0.003 s  <<< FAILURE!
java.lang.AssertionError: [47m[30mSomething is not right.  Check Task 3.4[0mjava.lang.NullPointerException
	at uoa.assignment1.game.GameTests.checkMoveCharacterFull(GameTests.java:401)

checkEndGame(uoa.assignment1.game.GameTests)  Time elapsed: 0 s  <<< FAILURE!
java.lang.AssertionError: [47m[30mSomething is not right. It seems that it is not possible to win or lose the game.   Check Task 5.5[0mjava.lang.NullPointerException
	at uoa.assignment1.game.GameTests.checkEndGame(GameTests.java:684)

checkCharactersArray(uoa.assignment1.game.GameTests)  Time elapsed: 0 s  <<< FAILURE!
java.lang.AssertionError: [47m[30mDid you create a constructor for the Map class? Is the characters array public and of size 4? Did you create teh 2D array layot as specified? Check Task 2.1[0mjava.lang.NullPointerException
	at uoa.assignment1.game.GameTests.checkCharactersArray(GameTests.java:73)

checkPlayerAndMonsterPositionInLayout(uoa.assignment1.game.GameTests)  Time elapsed: 0 s  <<< FAILURE!
java.lang.AssertionError: [47m[30mSomething is not right.  Check Task 2.5[0mjava.lang.AssertionError: expected:<146> but was:<0>
	at uoa.assignment1.game.GameTests.checkPlayerAndMonsterPositionInLayout(GameTests.java:190)

checkLayoutInitialization(uoa.assignment1.game.GameTests)  Time elapsed: 0 s  <<< FAILURE!
java.lang.AssertionError: [47m[30mSomething is not right with the layout variable. Are you populating teh empty fields with '.'? Check Task 2.2[0mjava.lang.AssertionError
	at uoa.assignment1.game.GameTests.checkLayoutInitialization(GameTests.java:116)

checkHealthInformationPrinted(uoa.assignment1.game.GameTests)  Time elapsed: 0.006 s  <<< FAILURE!
java.lang.AssertionError: [47m[30mSomething is not right. Are you printing the health information    Check Task 5.1[0mjava.lang.AssertionError: expected:<1> but was:<0>
	at uoa.assignment1.game.GameTests.checkHealthInformationPrinted(GameTests.java:547)

checkMoveCharacter(uoa.assignment1.game.GameTests)  Time elapsed: 0.004 s  <<< FAILURE!
java.lang.AssertionError: [47m[30mSomething is not right. moveCharacter method must print exactly this sentence when the use rinput is incorrect: 'Use only keywords up, down, left, right' Check Task 3.3[0mjava.lang.AssertionError
	at uoa.assignment1.game.GameTests.checkMoveCharacter(GameTests.java:322)

checkMoveToOccupiedField(uoa.assignment1.game.GameTests)  Time elapsed: 0 s  <<< FAILURE!
java.lang.AssertionError: [47m[30mSomething is not right.    Check Task 4.4[0mjava.lang.NullPointerException
	at uoa.assignment1.game.GameTests.checkMoveToOccupiedField(GameTests.java:517)

checkRunGameMain(uoa.assignment1.game.GameTests)  Time elapsed: 1.001 s  <<< FAILURE!
java.lang.AssertionError: [47m[30mSomething is not right.  Check Task 3.1[0mjava.lang.AssertionError: expected:<146> but was:<0>
	at uoa.assignment1.game.GameTests.checkRunGameMain(GameTests.java:238)

checkPlayerAndMonsterPosition(uoa.assignment1.game.GameTests)  Time elapsed: 0.001 s  <<< FAILURE!
java.lang.AssertionError: [47m[30mSomething is not right with initialising players and monsters.  Check Task 2.4[0mjava.lang.NullPointerException
	at uoa.assignment1.game.GameTests.checkPlayerAndMonsterPosition(GameTests.java:145)

checkKillingPlayer(uoa.assignment1.game.GameTests)  Time elapsed: 0 s  <<< FAILURE!
java.lang.AssertionError: [47m[30mSomething is not right. It seems that monster can't kill the player...   Check Task 5.3[0mjava.lang.NullPointerException
	at uoa.assignment1.game.GameTests.checkKillingPlayer(GameTests.java:606)

checkRunGameMainWithUserInput(uoa.assignment1.game.GameTests)  Time elapsed: 1.001 s  <<< FAILURE!
java.lang.AssertionError: [47m[30mSomething is not right.  Check Task 3.2[0mjava.lang.AssertionError
	at uoa.assignment1.game.GameTests.checkRunGameMainWithUserInput(GameTests.java:290)

checkMoveOfPlayers(uoa.assignment1.game.GameTests)  Time elapsed: 0 s  <<< FAILURE!
java.lang.AssertionError: [47m[30mSomething is not right.  Check Task 4.3[0mjava.lang.NullPointerException
	at uoa.assignment1.game.GameTests.checkMoveOfPlayers(GameTests.java:492)

checkKillingMonster(uoa.assignment1.game.GameTests)  Time elapsed: 0.001 s  <<< FAILURE!
java.lang.AssertionError: [47m[30mSomething is not right. It seems that it is not possible to kill a monster...   Check Task 5.2[0mjava.lang.NullPointerException
	at uoa.assignment1.game.GameTests.checkKillingMonster(GameTests.java:576)

checkMoveIntoWall(uoa.assignment1.game.GameTests)  Time elapsed: 0.002 s  <<< FAILURE!
java.lang.AssertionError: [47m[30mSomething is not right.  Check Task 4.1[0mjava.lang.NullPointerException
	at uoa.assignment1.game.GameTests.checkMoveIntoWall(GameTests.java:450)

