<?xml version="1.0" encoding="UTF-8"?>
<testsuite xmlns:xsi="http://www.w3.org/2001/XMLSchema-instance" xsi:noNamespaceSchemaLocation="https://maven.apache.org/surefire/maven-surefire-plugin/xsd/surefire-test-report.xsd" name="uoa.assignment1.game.GameTests" time="2.126" tests="16" errors="0" skipped="0" failures="2">
  <properties>
[...]
</properties>
  <testcase name="checkMarkingKilledMonster" classname="uoa.assignment1.game.GameTests" time="0.018"/>
  <testcase name="checkMoveCharacterFull" classname="uoa.assignment1.game.GameTests" time="0"/>
  <testcase name="checkEndGame" classname="uoa.assignment1.game.GameTests" time="0.017">
    <failure message="&amp;#27;[47m&amp;#27;[30mSomething is not right. It seems that it is not possible to win or lose the game.   Check Task 5.5&amp;#27;[0mjava.lang.AssertionError" type="java.lang.AssertionError"><![CDATA[java.lang.AssertionError: &amp#27;[47m&amp#27;[30mSomething is not right. It seems that it is not possible to win or lose the game.   Check Task 5.5&amp#27;[0mjava.lang.AssertionError
	at uoa.assignment1.game.GameTests.checkEndGame(GameTests.java:684)
]]></failure>
  </testcase>
  <testcase name="checkCharactersArray" classname="uoa.assignment1.game.GameTests" time="0"/>
  <testcase name="checkPlayerAndMonsterPositionInLayout" classname="uoa.assignment1.game.GameTests" time="0"/>
  <testcase name="checkLayoutInitialization" classname="uoa.assignment1.game.GameTests" time="0"/>
  <testcase name="checkHealthInformationPrinted" classname="uoa.assignment1.game.GameTests" time="0.006">
    <failure message="&amp;#27;[47m&amp;#27;[30mSomething is not right. Are you printing the health information    Check Task 5.1&amp;#27;[0mjava.lang.AssertionError: expected:&lt;1&gt; but was:&lt;0&gt;" type="java.lang.AssertionError"><![CDATA[java.lang.AssertionError: &amp#27;[47m&amp#27;[30mSomething is not right. Are you printing the health information    Check Task 5.1&amp#27;[0mjava.lang.AssertionError: expected:<1> but was:<0>
	at uoa.assignment1.game.GameTests.checkHealthInformationPrinted(GameTests.java:547)
]]></failure>
  </testcase>
  <testcase name="checkMoveCharacter" classname="uoa.assignment1.game.GameTests" time="0.004"/>
  <testcase name="checkMoveToOccupiedField" classname="uoa.assignment1.game.GameTests" time="0"/>
  <testcase name="checkRunGameMain" classname="uoa.assignment1.game.GameTests" time="1.001"/>
  <testcase name="checkPlayerAndMonsterPosition" classname="uoa.assignment1.game.GameTests" time="0"/>
  <testcase name="checkKillingPlayer" classname="uoa.assignment1.game.GameTests" time="0.029"/>
  <testcase name="checkRunGameMainWithUserInput" classname="uoa.assignment1.game.GameTests" time="1"/>
  <testcase name="checkMoveOfPlayers" classname="uoa.assignment1.game.GameTests" time="0.004"/>
  <testcase name="checkKillingMonster" classname="uoa.assignment1.game.GameTests" time="0.002"/>
  <testcase name="checkMoveIntoWall" classname="uoa.assignment1.game.GameTests" time="0.001"/>
</testsuite>